21 0 33 33 33 33 33 33 33 33 33 33 33 33 33 33 33 33 33 33 33 33
22 167 36 33 33 33 33 33 33 33 33 33 33 33 33 33 33 33 33 33 33 33 33
21 296 33 33 33 33 33 33 33 33 33 33 33 33 33 33 33 33 33 33 33 33
23 168 234 33 33 33 33 33 33 33 33 33 33 33 33 33 33 33 33 33 33 33 33 33
21 180 33 33 33 33 33 33 33 33 33 33 33 33 33 33 33 33 33 33 33 33
21 216 33 33 33 33 33 33 33 33 33 33 33 33 33 33 33 33 33 33 33 33
22 65 221 33 33 33 33 33 33 33 33 33 33 33 33 33 33 33 33 33 33 33 33
22 65 179 33 33 33 33 33 33 33 33 33 33 33 33 33 33 33 33 33 33 33 33
22 65 116 33 33 33 33 33 33 33 33 33 33 33 33 33 33 33 33 33 33 33 33
22 65 116 33 33 33 33 33 33 33 33 33 33 33 33 33 33 33 33 33 33 33 33
22 65 116 33 33 33 33 33 33 33 33 33 33 33 33 33 33 33 33 33 33 33 33
22 65 116 33 33 33 33 33 33 33 33 33 33 33 33 33 33 33 33 33 33 33 33
22 65 116 33 33 33 33 33 33 33 33 33 33 33 33 33 33 33 33 33 33 33 33
22 65 116 33 33 33 33 33 33 33 33 33 33 33 33 33 33 33 33 33 33 33 33
22 65 116 33 33 33 33 33 33 33 33 33 33 33 33 33 33 33 33 33 33 33 33
22 65 116 33 33 33 33 33 33 33 33 33 33 33 33 33 33 33 33 33 33 33 33
22 65 116 33 33 33 33 33 33 33 33 33 33 33 33 33 33 33 33 33 33 33 33
22 65 116 33 33 33 33 33 33 33 33 33 33 33 33 33 33 33 33 33 33 33 33
22 65 116 33 33 33 33 33 33 33 33 33 33 33 33 33 33 33 33 33 33 33 33
22 65 116 33 33 33 33 33 33 33 33 33 33 33 33 33 33 33 33 33 33 33 33
22 65 116 33 33 33 33 33 33 33 33 33 33 33 33 33 33 33 33 33 33 33 33
22 65 116 33 33 33 33 33 33 33 33 33 33 33 33 33 33 33 33 33 33 33 33
22 65 116 33 33 33 33 33 33 33 33 33 33 33 33 33 33 33 33 33 33 33 33
22 65 116 33 33 33 33 33 33 33 33 33 33 33 33 33 33 33 33 33 33 33 33
22 65 116 33 33 33 33 33 33 33 33 33 33 33 33 33 33 33 33 33 33 33 33
22 65 116 33 33 33 33 33 33 33 33 33 33 33 33 33 33 33 33 33 33 33 33
22 65 116 33 33 33 33 33 33 33 33 33 33 33 33 33 33 33 33 33 33 33 33
22 65 116 33 33 33 33 33 33 33 33 33 33 33 33 33 33 33 33 33 33 33 33
22 65 116 33 33 33 33 33 33 33 33 33 33 33 33 33 33 33 33 33 33 33 33
22 65 116 33 33 33 33 33 33 33 33 33 33 33 33 33 33 33 33 33 33 33 33
22 65 116 33 33 33 33 33 33 33 33 33 33 33 33 33 33 33 33 33 33 33 33
22 65 116 33 33 33 33 33 33 33 33 33 33 33 33 33 33 33 33 33 33 33 33
22 65 116 33 33 33 33 33 33 33 33 33 33 33 33 33 33 33 33 33 33 33 33
22 65 116 33 33 33 33 33 33 33 33 33 33 33 33 33 33 33 33 33 33 33 33
22 65 116 33 33 33 33 33 33 33 33 33 33 33 33 33 33 33 33 33 33 33 33
22 65 116 33 33 33 33 33 33 33 33 33 33 33 33 33 33 33 33 33 33 33 33
22 65 116 33 33 33 33 33 33 33 33 33 33 33 33 33 33 33 33 33 33 33 33
22 65 116 33 33 33 33 33 33 33 33 33 33 33 33 33 33 33 33 33 33 33 33
22 65 116 33 33 33 33 33 33 33 33 33 33 33 33 33 33 33 33 33 33 33 33
22 65 116 33 33 33 33 33 33 33 33 33 33 33 33 33 33 33 33 33 33 33 33
22 65 116 33 33 33 33 33 33 33 33 33 33 33 33 33 33 33 33 33 33 33 33
22 65 116 33 33 33 33 33 33 33 33 33 33 33 33 33 33 33 33 33 33 33 33
22 65 116 33 33 33 33 33 33 33 33 33 33 33 33 33 33 33 33 33 33 33 33
22 65 116 33 33 33 33 33 33 33 33 33 33 33 33 33 33 33 33 33 33 33 33
22 65 116 33 33 33 33 33 33 33 33 33 33 33 33 33 33 33 33 33 33 33 33
22 65 116 33 33 33 33 33 33 33 33 33 33 33 33 33 33 33 33 33 33 33 33
22 65 116 33 33 33 33 33 33 33 33 33 33 33 33 33 33 33 33 33 33 33 33
22 65 116 33 33 33 33 33 33 33 33 33 33 33 33 33 33 33 33 33 33 33 33
22 65 116 33 33 33 33 33 33 33 33 33 33 33 33 33 33 33 33 33 33 33 33
22 65 116 33 33 33 33 33 33 33 33 33 33 33 33 33 33 33 33 33 33 33 33
22 65 116 33 33 33 33 33 33 33 33 33 33 33 33 33 33 33 33 33 33 33 33
22 65 116 33 33 33 33 33 33 33 33 33 33 33 33 33 33 33 33 33 33 33 33
22 65 116 33 33 33 33 33 33 33 33 33 33 33 33 33 33 33 33 33 33 33 33
22 65 116 33 33 33 33 33 33 33 33 33 33 33 33 33 33 33 33 33 33 33 33
22 65 116 33 33 33 33 33 33 33 33 33 33 33 33 33 33 33 33 33 33 33 33
22 65 116 33 33 33 33 33 33 33 33 33 33 33 33 33 33 33 33 33 33 33 33
22 65 116 33 33 33 33 33 33 33 33 33 33 33 33 33 33 33 33 33 33 33 33
22 65 116 33 33 33 33 33 33 33 33 33 33 33 33 33 33 33 33 33 33 33 33
22 65 116 33 33 33 33 33 33 33 33 33 33 33 33 33 33 33 33 33 33 33 33
22 65 116 33 33 33 33 33 33 33 33 33 33 33 33 33 33 33 33 33 33 33 33
22 65 116 33 33 33 33 33 33 33 33 33 33 33 33 33 33 33 33 33 33 33 33
22 65 116 33 33 33 33 33 33 33 33 33 33 33 33 33 33 33 33 33 33 33 33
22 65 116 33 33 33 33 33 33 33 33 33 33 33 33 33 33 33 33 33 33 33 33
22 65 116 33 33 33 33 33 33 33 33 33 33 33 33 33 33 33 33 33 33 33 33
22 65 116 33 33 33 33 33 33 33 33 33 33 33 33 33 33 33 33 33 33 33 33
22 65 116 33 33 33 33 33 33 33 33 33 33 33 33 33 33 33 33 33 33 33 33
22 65 116 33 33 33 33 33 33 33 33 33 33 33 33 33 33 33 33 33 33 33 33
22 65 116 33 33 33 33 33 33 33 33 33 33 33 33 33 33 33 33 33 33 33 33
22 65 116 33 33 33 33 33 33 33 33 33 33 33 33 33 33 33 33 33 33 33 33
22 65 116 33 33 33 33 33 33 33 33 33 33 33 33 33 33 33 33 33 33 33 33
22 65 116 33 33 33 33 33 33 33 33 33 33 33 33 33 33 33 33 33 33 33 33
22 65 116 33 33 33 33 33 33 33 33 33 33 33 33 33 33 33 33 33 33 33 33
22 65 116 33 33 33 33 33 33 33 33 33 33 33 33 33 33 33 33 33 33 33 33
22 65 116 33 33 33 33 33 33 33 33 33 33 33 33 33 33 33 33 33 33 33 33
22 65 116 33 33 33 33 33 33 33 33 33 33 33 33 33 33 33 33 33 33 33 33
22 65 116 33 33 33 33 33 33 33 33 33 33 33 33 33 33 33 33 33 33 33 33
22 65 116 33 33 33 33 33 33 33 33 33 33 33 33 33 33 33 33 33 33 33 33
22 65 116 33 33 33 33 33 33 33 33 33 33 33 33 33 33 33 33 33 33 33 33
22 65 116 33 33 33 33 33 33 33 33 33 33 33 33 33 33 33 33 33 33 33 33
22 65 116 33 33 33 33 33 33 33 33 33 33 33 33 33 33 33 33 33 33 33 33
22 65 116 33 33 33 33 33 33 33 33 33 33 33 33 33 33 33 33 33 33 33 33
22 65 116 33 33 33 33 33 33 33 33 33 33 33 33 33 33 33 33 33 33 33 33
22 65 116 33 33 33 33 33 33 33 33 33 33 33 33 33 33 33 33 33 33 33 33
22 65 116 33 33 33 33 33 33 33 33 33 33 33 33 33 33 33 33 33 33 33 33
22 65 116 33 33 33 33 33 33 33 33 33 33 33 33 33 33 33 33 33 33 33 33
22 65 116 33 33 33 33 33 33 33 33 33 33 33 33 33 33 33 33 33 33 33 33
22 65 116 33 33 33 33 33 33 33 33 33 33 33 33 33 33 33 33 33 33 33 33
22 65 116 33 33 33 33 33 33 33 33 33 33 33 33 33 33 33 33 33 33 33 33
22 65 116 33 33 33 33 33 33 33 33 33 33 33 33 33 33 33 33 33 33 33 33
22 65 116 33 33 33 33 33 33 33 33 33 33 33 33 33 33 33 33 33 33 33 33
22 65 116 33 33 33 33 33 33 33 33 33 33 33 33 33 33 33 33 33 33 33 33
22 65 116 33 33 33 33 33 33 33 33 33 33 33 33 33 33 33 33 33 33 33 33
22 65 116 33 33 33 33 33 33 33 33 33 33 33 33 33 33 33 33 33 33 33 33
22 65 116 33 33 33 33 33 33 33 33 33 33 33 33 33 33 33 33 33 33 33 33
22 65 116 33 33 33 33 33 33 33 33 33 33 33 33 33 33 33 33 33 33 33 33
22 65 116 33 33 33 33 33 33 33 33 33 33 33 33 33 33 33 33 33 33 33 33
22 65 116 33 33 33 33 33 33 33 33 33 33 33 33 33 33 33 33 33 33 33 33
22 65 116 33 33 33 33 33 33 33 33 33 33 33 33 33 33 33 33 33 33 33 33
22 65 116 33 33 33 33 33 33 33 33 33 33 33 33 33 33 33 33 33 33 33 33
22 65 116 33 33 33 33 33 33 33 33 33 33 33 33 33 33 33 33 33 33 33 33
